<?xml version="1.0" encoding="UTF-8"?>
<testsuite xmlns:xsi="http://www.w3.org/2001/XMLSchema-instance" xsi:noNamespaceSchemaLocation="https://maven.apache.org/surefire/maven-surefire-plugin/xsd/surefire-test-report.xsd" name="TestSuite" time="7.145" tests="17" errors="0" skipped="0" failures="0">
  <properties>
    <property name="sun.desktop" value="windows"/>
    <property name="awt.toolkit" value="sun.awt.windows.WToolkit"/>
    <property name="file.encoding.pkg" value="sun.io"/>
    <property name="java.specification.version" value="1.8"/>
    <property name="sun.cpu.isalist" value="amd64"/>
    <property name="sun.jnu.encoding" value="Cp1252"/>
    <property name="java.class.path" value="C:\Users\nancy.melgoza\eclipse-workspace\RestAsssured\target\test-classes;C:\Users\nancy.melgoza\eclipse-workspace\RestAsssured\target\classes;C:\Users\nancy.melgoza\.m2\repository\org\seleniumhq\selenium\selenium-java\3.4.0\selenium-java-3.4.0.jar;C:\Users\nancy.melgoza\.m2\repository\org\seleniumhq\selenium\selenium-api\3.4.0\selenium-api-3.4.0.jar;C:\Users\nancy.melgoza\.m2\repository\org\seleniumhq\selenium\selenium-chrome-driver\3.4.0\selenium-chrome-driver-3.4.0.jar;C:\Users\nancy.melgoza\.m2\repository\org\seleniumhq\selenium\selenium-edge-driver\3.4.0\selenium-edge-driver-3.4.0.jar;C:\Users\nancy.melgoza\.m2\repository\org\seleniumhq\selenium\selenium-firefox-driver\3.4.0\selenium-firefox-driver-3.4.0.jar;C:\Users\nancy.melgoza\.m2\repository\org\seleniumhq\selenium\selenium-ie-driver\3.4.0\selenium-ie-driver-3.4.0.jar;C:\Users\nancy.melgoza\.m2\repository\org\seleniumhq\selenium\selenium-opera-driver\3.4.0\selenium-opera-driver-3.4.0.jar;C:\Users\nancy.melgoza\.m2\repository\org\seleniumhq\selenium\selenium-remote-driver\3.4.0\selenium-remote-driver-3.4.0.jar;C:\Users\nancy.melgoza\.m2\repository\org\seleniumhq\selenium\selenium-safari-driver\3.4.0\selenium-safari-driver-3.4.0.jar;C:\Users\nancy.melgoza\.m2\repository\org\seleniumhq\selenium\selenium-support\3.4.0\selenium-support-3.4.0.jar;C:\Users\nancy.melgoza\.m2\repository\cglib\cglib-nodep\3.2.4\cglib-nodep-3.2.4.jar;C:\Users\nancy.melgoza\.m2\repository\org\apache\commons\commons-exec\1.3\commons-exec-1.3.jar;C:\Users\nancy.melgoza\.m2\repository\org\apache\commons\commons-lang3\3.5\commons-lang3-3.5.jar;C:\Users\nancy.melgoza\.m2\repository\commons-codec\commons-codec\1.10\commons-codec-1.10.jar;C:\Users\nancy.melgoza\.m2\repository\commons-io\commons-io\2.5\commons-io-2.5.jar;C:\Users\nancy.melgoza\.m2\repository\commons-logging\commons-logging\1.2\commons-logging-1.2.jar;C:\Users\nancy.melgoza\.m2\repository\org\w3c\css\sac\1.3\sac-1.3.jar;C:\Users\nancy.melgoza\.m2\repository\net\sourceforge\cssparser\cssparser\0.9.22\cssparser-0.9.22.jar;C:\Users\nancy.melgoza\.m2\repository\com\google\code\gson\gson\2.8.0\gson-2.8.0.jar;C:\Users\nancy.melgoza\.m2\repository\com\google\guava\guava\21.0\guava-21.0.jar;C:\Users\nancy.melgoza\.m2\repository\org\hamcrest\hamcrest-core\1.3\hamcrest-core-1.3.jar;C:\Users\nancy.melgoza\.m2\repository\net\sourceforge\htmlunit\htmlunit\2.26\htmlunit-2.26.jar;C:\Users\nancy.melgoza\.m2\repository\net\sourceforge\htmlunit\htmlunit-core-js\2.26\htmlunit-core-js-2.26.jar;C:\Users\nancy.melgoza\.m2\repository\net\sourceforge\htmlunit\neko-htmlunit\2.25\neko-htmlunit-2.25.jar;C:\Users\nancy.melgoza\.m2\repository\org\apache\httpcomponents\httpclient\4.5.3\httpclient-4.5.3.jar;C:\Users\nancy.melgoza\.m2\repository\org\apache\httpcomponents\httpcore\4.4.6\httpcore-4.4.6.jar;C:\Users\nancy.melgoza\.m2\repository\org\apache\httpcomponents\httpmime\4.5.3\httpmime-4.5.3.jar;C:\Users\nancy.melgoza\.m2\repository\org\eclipse\jetty\jetty-io\9.4.1.v20170120\jetty-io-9.4.1.v20170120.jar;C:\Users\nancy.melgoza\.m2\repository\org\eclipse\jetty\jetty-util\9.4.1.v20170120\jetty-util-9.4.1.v20170120.jar;C:\Users\nancy.melgoza\.m2\repository\net\java\dev\jna\jna\4.1.0\jna-4.1.0.jar;C:\Users\nancy.melgoza\.m2\repository\net\java\dev\jna\jna-platform\4.1.0\jna-platform-4.1.0.jar;C:\Users\nancy.melgoza\.m2\repository\junit\junit\4.12\junit-4.12.jar;C:\Users\nancy.melgoza\.m2\repository\com\codeborne\phantomjsdriver\1.4.0\phantomjsdriver-1.4.0.jar;C:\Users\nancy.melgoza\.m2\repository\org\seleniumhq\selenium\htmlunit-driver\2.26\htmlunit-driver-2.26.jar;C:\Users\nancy.melgoza\.m2\repository\javax\servlet\javax.servlet-api\3.1.0\javax.servlet-api-3.1.0.jar;C:\Users\nancy.melgoza\.m2\repository\org\eclipse\jetty\websocket\websocket-api\9.4.3.v20170317\websocket-api-9.4.3.v20170317.jar;C:\Users\nancy.melgoza\.m2\repository\org\eclipse\jetty\websocket\websocket-client\9.4.3.v20170317\websocket-client-9.4.3.v20170317.jar;C:\Users\nancy.melgoza\.m2\repository\org\eclipse\jetty\jetty-client\9.4.3.v20170317\jetty-client-9.4.3.v20170317.jar;C:\Users\nancy.melgoza\.m2\repository\org\eclipse\jetty\jetty-http\9.4.3.v20170317\jetty-http-9.4.3.v20170317.jar;C:\Users\nancy.melgoza\.m2\repository\org\eclipse\jetty\websocket\websocket-common\9.4.3.v20170317\websocket-common-9.4.3.v20170317.jar;C:\Users\nancy.melgoza\.m2\repository\xalan\serializer\2.7.2\serializer-2.7.2.jar;C:\Users\nancy.melgoza\.m2\repository\xalan\xalan\2.7.2\xalan-2.7.2.jar;C:\Users\nancy.melgoza\.m2\repository\xerces\xercesImpl\2.11.0\xercesImpl-2.11.0.jar;C:\Users\nancy.melgoza\.m2\repository\xml-apis\xml-apis\1.4.01\xml-apis-1.4.01.jar;C:\Users\nancy.melgoza\.m2\repository\org\testng\testng\6.10\testng-6.10.jar;C:\Users\nancy.melgoza\.m2\repository\com\beust\jcommander\1.48\jcommander-1.48.jar;C:\Users\nancy.melgoza\.m2\repository\log4j\log4j\1.2.17\log4j-1.2.17.jar;C:\Users\nancy.melgoza\.m2\repository\io\rest-assured\rest-assured\3.1.0\rest-assured-3.1.0.jar;C:\Users\nancy.melgoza\.m2\repository\org\codehaus\groovy\groovy\2.4.12\groovy-2.4.12.jar;C:\Users\nancy.melgoza\.m2\repository\org\codehaus\groovy\groovy-xml\2.4.12\groovy-xml-2.4.12.jar;C:\Users\nancy.melgoza\.m2\repository\org\hamcrest\hamcrest-library\1.3\hamcrest-library-1.3.jar;C:\Users\nancy.melgoza\.m2\repository\org\ccil\cowan\tagsoup\tagsoup\1.2.1\tagsoup-1.2.1.jar;C:\Users\nancy.melgoza\.m2\repository\io\rest-assured\json-path\3.1.0\json-path-3.1.0.jar;C:\Users\nancy.melgoza\.m2\repository\org\codehaus\groovy\groovy-json\2.4.12\groovy-json-2.4.12.jar;C:\Users\nancy.melgoza\.m2\repository\io\rest-assured\rest-assured-common\3.1.0\rest-assured-common-3.1.0.jar;C:\Users\nancy.melgoza\.m2\repository\io\rest-assured\xml-path\3.1.0\xml-path-3.1.0.jar;C:\Users\nancy.melgoza\.m2\repository\javax\xml\bind\jaxb-api\2.2.12\jaxb-api-2.2.12.jar;C:\Users\nancy.melgoza\.m2\repository\org\slf4j\slf4j-api\1.7.2\slf4j-api-1.7.2.jar;C:\Users\nancy.melgoza\.m2\repository\org\slf4j\slf4j-log4j12\1.7.2\slf4j-log4j12-1.7.2.jar;C:\Users\nancy.melgoza\.m2\repository\io\rest-assured\json-schema-validator\3.0.3\json-schema-validator-3.0.3.jar;C:\Users\nancy.melgoza\.m2\repository\com\github\fge\json-schema-validator\2.2.6\json-schema-validator-2.2.6.jar;C:\Users\nancy.melgoza\.m2\repository\com\google\code\findbugs\jsr305\3.0.0\jsr305-3.0.0.jar;C:\Users\nancy.melgoza\.m2\repository\joda-time\joda-time\2.3\joda-time-2.3.jar;C:\Users\nancy.melgoza\.m2\repository\com\googlecode\libphonenumber\libphonenumber\6.2\libphonenumber-6.2.jar;C:\Users\nancy.melgoza\.m2\repository\com\github\fge\json-schema-core\1.2.5\json-schema-core-1.2.5.jar;C:\Users\nancy.melgoza\.m2\repository\com\github\fge\uri-template\0.9\uri-template-0.9.jar;C:\Users\nancy.melgoza\.m2\repository\com\github\fge\msg-simple\1.1\msg-simple-1.1.jar;C:\Users\nancy.melgoza\.m2\repository\com\github\fge\btf\1.2\btf-1.2.jar;C:\Users\nancy.melgoza\.m2\repository\com\github\fge\jackson-coreutils\1.8\jackson-coreutils-1.8.jar;C:\Users\nancy.melgoza\.m2\repository\com\fasterxml\jackson\core\jackson-databind\2.2.3\jackson-databind-2.2.3.jar;C:\Users\nancy.melgoza\.m2\repository\com\fasterxml\jackson\core\jackson-annotations\2.2.3\jackson-annotations-2.2.3.jar;C:\Users\nancy.melgoza\.m2\repository\com\fasterxml\jackson\core\jackson-core\2.2.3\jackson-core-2.2.3.jar;C:\Users\nancy.melgoza\.m2\repository\org\mozilla\rhino\1.7R4\rhino-1.7R4.jar;C:\Users\nancy.melgoza\.m2\repository\javax\mail\mailapi\1.4.3\mailapi-1.4.3.jar;C:\Users\nancy.melgoza\.m2\repository\javax\activation\activation\1.1\activation-1.1.jar;C:\Users\nancy.melgoza\.m2\repository\net\sf\jopt-simple\jopt-simple\4.6\jopt-simple-4.6.jar;C:\Users\nancy.melgoza\.m2\repository\org\json\json\20180813\json-20180813.jar;C:\Users\nancy.melgoza\.m2\repository\org\apache\maven\surefire\surefire-testng-utils\2.20.1\surefire-testng-utils-2.20.1.jar;C:\Users\nancy.melgoza\.m2\repository\org\apache\maven\surefire\surefire-grouper\2.20.1\surefire-grouper-2.20.1.jar;"/>
    <property name="java.vm.vendor" value="Oracle Corporation"/>
    <property name="sun.arch.data.model" value="64"/>
    <property name="user.variant" value=""/>
    <property name="java.vendor.url" value="http://java.oracle.com/"/>
    <property name="user.timezone" value=""/>
    <property name="user.country.format" value="MX"/>
    <property name="java.vm.specification.version" value="1.8"/>
    <property name="os.name" value="Windows 10"/>
    <property name="user.country" value="US"/>
    <property name="sun.java.launcher" value="SUN_STANDARD"/>
    <property name="sun.boot.library.path" value="C:\Program Files\Java\jdk1.8.0_181\jre\bin"/>
    <property name="sun.java.command" value="C:\Users\NANCY~1.MEL\AppData\Local\Temp\surefire5943294674958173009\surefirebooter3331598103223977362.jar C:\Users\nancy.melgoza\AppData\Local\Temp\surefire5943294674958173009 2018-10-17T17-33-07_475-jvmRun1 surefire4347081580551943734tmp surefire_0355865825627431421tmp"/>
    <property name="surefire.test.class.path" value="C:\Users\nancy.melgoza\eclipse-workspace\RestAsssured\target\test-classes;C:\Users\nancy.melgoza\eclipse-workspace\RestAsssured\target\classes;C:\Users\nancy.melgoza\.m2\repository\org\seleniumhq\selenium\selenium-java\3.4.0\selenium-java-3.4.0.jar;C:\Users\nancy.melgoza\.m2\repository\org\seleniumhq\selenium\selenium-api\3.4.0\selenium-api-3.4.0.jar;C:\Users\nancy.melgoza\.m2\repository\org\seleniumhq\selenium\selenium-chrome-driver\3.4.0\selenium-chrome-driver-3.4.0.jar;C:\Users\nancy.melgoza\.m2\repository\org\seleniumhq\selenium\selenium-edge-driver\3.4.0\selenium-edge-driver-3.4.0.jar;C:\Users\nancy.melgoza\.m2\repository\org\seleniumhq\selenium\selenium-firefox-driver\3.4.0\selenium-firefox-driver-3.4.0.jar;C:\Users\nancy.melgoza\.m2\repository\org\seleniumhq\selenium\selenium-ie-driver\3.4.0\selenium-ie-driver-3.4.0.jar;C:\Users\nancy.melgoza\.m2\repository\org\seleniumhq\selenium\selenium-opera-driver\3.4.0\selenium-opera-driver-3.4.0.jar;C:\Users\nancy.melgoza\.m2\repository\org\seleniumhq\selenium\selenium-remote-driver\3.4.0\selenium-remote-driver-3.4.0.jar;C:\Users\nancy.melgoza\.m2\repository\org\seleniumhq\selenium\selenium-safari-driver\3.4.0\selenium-safari-driver-3.4.0.jar;C:\Users\nancy.melgoza\.m2\repository\org\seleniumhq\selenium\selenium-support\3.4.0\selenium-support-3.4.0.jar;C:\Users\nancy.melgoza\.m2\repository\cglib\cglib-nodep\3.2.4\cglib-nodep-3.2.4.jar;C:\Users\nancy.melgoza\.m2\repository\org\apache\commons\commons-exec\1.3\commons-exec-1.3.jar;C:\Users\nancy.melgoza\.m2\repository\org\apache\commons\commons-lang3\3.5\commons-lang3-3.5.jar;C:\Users\nancy.melgoza\.m2\repository\commons-codec\commons-codec\1.10\commons-codec-1.10.jar;C:\Users\nancy.melgoza\.m2\repository\commons-io\commons-io\2.5\commons-io-2.5.jar;C:\Users\nancy.melgoza\.m2\repository\commons-logging\commons-logging\1.2\commons-logging-1.2.jar;C:\Users\nancy.melgoza\.m2\repository\org\w3c\css\sac\1.3\sac-1.3.jar;C:\Users\nancy.melgoza\.m2\repository\net\sourceforge\cssparser\cssparser\0.9.22\cssparser-0.9.22.jar;C:\Users\nancy.melgoza\.m2\repository\com\google\code\gson\gson\2.8.0\gson-2.8.0.jar;C:\Users\nancy.melgoza\.m2\repository\com\google\guava\guava\21.0\guava-21.0.jar;C:\Users\nancy.melgoza\.m2\repository\org\hamcrest\hamcrest-core\1.3\hamcrest-core-1.3.jar;C:\Users\nancy.melgoza\.m2\repository\net\sourceforge\htmlunit\htmlunit\2.26\htmlunit-2.26.jar;C:\Users\nancy.melgoza\.m2\repository\net\sourceforge\htmlunit\htmlunit-core-js\2.26\htmlunit-core-js-2.26.jar;C:\Users\nancy.melgoza\.m2\repository\net\sourceforge\htmlunit\neko-htmlunit\2.25\neko-htmlunit-2.25.jar;C:\Users\nancy.melgoza\.m2\repository\org\apache\httpcomponents\httpclient\4.5.3\httpclient-4.5.3.jar;C:\Users\nancy.melgoza\.m2\repository\org\apache\httpcomponents\httpcore\4.4.6\httpcore-4.4.6.jar;C:\Users\nancy.melgoza\.m2\repository\org\apache\httpcomponents\httpmime\4.5.3\httpmime-4.5.3.jar;C:\Users\nancy.melgoza\.m2\repository\org\eclipse\jetty\jetty-io\9.4.1.v20170120\jetty-io-9.4.1.v20170120.jar;C:\Users\nancy.melgoza\.m2\repository\org\eclipse\jetty\jetty-util\9.4.1.v20170120\jetty-util-9.4.1.v20170120.jar;C:\Users\nancy.melgoza\.m2\repository\net\java\dev\jna\jna\4.1.0\jna-4.1.0.jar;C:\Users\nancy.melgoza\.m2\repository\net\java\dev\jna\jna-platform\4.1.0\jna-platform-4.1.0.jar;C:\Users\nancy.melgoza\.m2\repository\junit\junit\4.12\junit-4.12.jar;C:\Users\nancy.melgoza\.m2\repository\com\codeborne\phantomjsdriver\1.4.0\phantomjsdriver-1.4.0.jar;C:\Users\nancy.melgoza\.m2\repository\org\seleniumhq\selenium\htmlunit-driver\2.26\htmlunit-driver-2.26.jar;C:\Users\nancy.melgoza\.m2\repository\javax\servlet\javax.servlet-api\3.1.0\javax.servlet-api-3.1.0.jar;C:\Users\nancy.melgoza\.m2\repository\org\eclipse\jetty\websocket\websocket-api\9.4.3.v20170317\websocket-api-9.4.3.v20170317.jar;C:\Users\nancy.melgoza\.m2\repository\org\eclipse\jetty\websocket\websocket-client\9.4.3.v20170317\websocket-client-9.4.3.v20170317.jar;C:\Users\nancy.melgoza\.m2\repository\org\eclipse\jetty\jetty-client\9.4.3.v20170317\jetty-client-9.4.3.v20170317.jar;C:\Users\nancy.melgoza\.m2\repository\org\eclipse\jetty\jetty-http\9.4.3.v20170317\jetty-http-9.4.3.v20170317.jar;C:\Users\nancy.melgoza\.m2\repository\org\eclipse\jetty\websocket\websocket-common\9.4.3.v20170317\websocket-common-9.4.3.v20170317.jar;C:\Users\nancy.melgoza\.m2\repository\xalan\serializer\2.7.2\serializer-2.7.2.jar;C:\Users\nancy.melgoza\.m2\repository\xalan\xalan\2.7.2\xalan-2.7.2.jar;C:\Users\nancy.melgoza\.m2\repository\xerces\xercesImpl\2.11.0\xercesImpl-2.11.0.jar;C:\Users\nancy.melgoza\.m2\repository\xml-apis\xml-apis\1.4.01\xml-apis-1.4.01.jar;C:\Users\nancy.melgoza\.m2\repository\org\testng\testng\6.10\testng-6.10.jar;C:\Users\nancy.melgoza\.m2\repository\com\beust\jcommander\1.48\jcommander-1.48.jar;C:\Users\nancy.melgoza\.m2\repository\log4j\log4j\1.2.17\log4j-1.2.17.jar;C:\Users\nancy.melgoza\.m2\repository\io\rest-assured\rest-assured\3.1.0\rest-assured-3.1.0.jar;C:\Users\nancy.melgoza\.m2\repository\org\codehaus\groovy\groovy\2.4.12\groovy-2.4.12.jar;C:\Users\nancy.melgoza\.m2\repository\org\codehaus\groovy\groovy-xml\2.4.12\groovy-xml-2.4.12.jar;C:\Users\nancy.melgoza\.m2\repository\org\hamcrest\hamcrest-library\1.3\hamcrest-library-1.3.jar;C:\Users\nancy.melgoza\.m2\repository\org\ccil\cowan\tagsoup\tagsoup\1.2.1\tagsoup-1.2.1.jar;C:\Users\nancy.melgoza\.m2\repository\io\rest-assured\json-path\3.1.0\json-path-3.1.0.jar;C:\Users\nancy.melgoza\.m2\repository\org\codehaus\groovy\groovy-json\2.4.12\groovy-json-2.4.12.jar;C:\Users\nancy.melgoza\.m2\repository\io\rest-assured\rest-assured-common\3.1.0\rest-assured-common-3.1.0.jar;C:\Users\nancy.melgoza\.m2\repository\io\rest-assured\xml-path\3.1.0\xml-path-3.1.0.jar;C:\Users\nancy.melgoza\.m2\repository\javax\xml\bind\jaxb-api\2.2.12\jaxb-api-2.2.12.jar;C:\Users\nancy.melgoza\.m2\repository\org\slf4j\slf4j-api\1.7.2\slf4j-api-1.7.2.jar;C:\Users\nancy.melgoza\.m2\repository\org\slf4j\slf4j-log4j12\1.7.2\slf4j-log4j12-1.7.2.jar;C:\Users\nancy.melgoza\.m2\repository\io\rest-assured\json-schema-validator\3.0.3\json-schema-validator-3.0.3.jar;C:\Users\nancy.melgoza\.m2\repository\com\github\fge\json-schema-validator\2.2.6\json-schema-validator-2.2.6.jar;C:\Users\nancy.melgoza\.m2\repository\com\google\code\findbugs\jsr305\3.0.0\jsr305-3.0.0.jar;C:\Users\nancy.melgoza\.m2\repository\joda-time\joda-time\2.3\joda-time-2.3.jar;C:\Users\nancy.melgoza\.m2\repository\com\googlecode\libphonenumber\libphonenumber\6.2\libphonenumber-6.2.jar;C:\Users\nancy.melgoza\.m2\repository\com\github\fge\json-schema-core\1.2.5\json-schema-core-1.2.5.jar;C:\Users\nancy.melgoza\.m2\repository\com\github\fge\uri-template\0.9\uri-template-0.9.jar;C:\Users\nancy.melgoza\.m2\repository\com\github\fge\msg-simple\1.1\msg-simple-1.1.jar;C:\Users\nancy.melgoza\.m2\repository\com\github\fge\btf\1.2\btf-1.2.jar;C:\Users\nancy.melgoza\.m2\repository\com\github\fge\jackson-coreutils\1.8\jackson-coreutils-1.8.jar;C:\Users\nancy.melgoza\.m2\repository\com\fasterxml\jackson\core\jackson-databind\2.2.3\jackson-databind-2.2.3.jar;C:\Users\nancy.melgoza\.m2\repository\com\fasterxml\jackson\core\jackson-annotations\2.2.3\jackson-annotations-2.2.3.jar;C:\Users\nancy.melgoza\.m2\repository\com\fasterxml\jackson\core\jackson-core\2.2.3\jackson-core-2.2.3.jar;C:\Users\nancy.melgoza\.m2\repository\org\mozilla\rhino\1.7R4\rhino-1.7R4.jar;C:\Users\nancy.melgoza\.m2\repository\javax\mail\mailapi\1.4.3\mailapi-1.4.3.jar;C:\Users\nancy.melgoza\.m2\repository\javax\activation\activation\1.1\activation-1.1.jar;C:\Users\nancy.melgoza\.m2\repository\net\sf\jopt-simple\jopt-simple\4.6\jopt-simple-4.6.jar;C:\Users\nancy.melgoza\.m2\repository\org\json\json\20180813\json-20180813.jar;C:\Users\nancy.melgoza\.m2\repository\org\apache\maven\surefire\surefire-testng-utils\2.20.1\surefire-testng-utils-2.20.1.jar;C:\Users\nancy.melgoza\.m2\repository\org\apache\maven\surefire\surefire-grouper\2.20.1\surefire-grouper-2.20.1.jar;"/>
    <property name="sun.cpu.endian" value="little"/>
    <property name="user.home" value="C:\Users\nancy.melgoza"/>
    <property name="user.language" value="en"/>
    <property name="java.specification.vendor" value="Oracle Corporation"/>
    <property name="java.home" value="C:\Program Files\Java\jdk1.8.0_181\jre"/>
    <property name="basedir" value="C:\Users\nancy.melgoza\eclipse-workspace\RestAsssured"/>
    <property name="file.separator" value="\"/>
    <property name="line.separator" value="&#10;"/>
    <property name="java.vm.specification.vendor" value="Oracle Corporation"/>
    <property name="java.specification.name" value="Java Platform API Specification"/>
    <property name="java.awt.graphicsenv" value="sun.awt.Win32GraphicsEnvironment"/>
    <property name="surefire.real.class.path" value="C:\Users\NANCY~1.MEL\AppData\Local\Temp\surefire5943294674958173009\surefirebooter3331598103223977362.jar"/>
    <property name="sun.boot.class.path" value="C:\Program Files\Java\jdk1.8.0_181\jre\lib\resources.jar;C:\Program Files\Java\jdk1.8.0_181\jre\lib\rt.jar;C:\Program Files\Java\jdk1.8.0_181\jre\lib\sunrsasign.jar;C:\Program Files\Java\jdk1.8.0_181\jre\lib\jsse.jar;C:\Program Files\Java\jdk1.8.0_181\jre\lib\jce.jar;C:\Program Files\Java\jdk1.8.0_181\jre\lib\charsets.jar;C:\Program Files\Java\jdk1.8.0_181\jre\lib\jfr.jar;C:\Program Files\Java\jdk1.8.0_181\jre\classes"/>
    <property name="user.script" value=""/>
    <property name="sun.management.compiler" value="HotSpot 64-Bit Tiered Compilers"/>
    <property name="java.runtime.version" value="1.8.0_181-b13"/>
    <property name="user.name" value="nancy.melgoza"/>
    <property name="path.separator" value=";"/>
    <property name="os.version" value="10.0"/>
    <property name="java.endorsed.dirs" value="C:\Program Files\Java\jdk1.8.0_181\jre\lib\endorsed"/>
    <property name="java.runtime.name" value="Java(TM) SE Runtime Environment"/>
    <property name="file.encoding" value="Cp1252"/>
    <property name="java.vm.name" value="Java HotSpot(TM) 64-Bit Server VM"/>
    <property name="localRepository" value="C:\Users\nancy.melgoza\.m2\repository"/>
    <property name="java.vendor.url.bug" value="http://bugreport.sun.com/bugreport/"/>
    <property name="java.io.tmpdir" value="C:\Users\NANCY~1.MEL\AppData\Local\Temp\"/>
    <property name="java.version" value="1.8.0_181"/>
    <property name="user.dir" value="C:\Users\nancy.melgoza\eclipse-workspace\RestAsssured"/>
    <property name="os.arch" value="amd64"/>
    <property name="java.vm.specification.name" value="Java Virtual Machine Specification"/>
    <property name="java.awt.printerjob" value="sun.awt.windows.WPrinterJob"/>
    <property name="user.language.format" value="es"/>
    <property name="sun.os.patch.level" value=""/>
    <property name="java.library.path" value="C:\Program Files\Java\jdk1.8.0_181\jre\bin;C:\windows\Sun\Java\bin;C:\windows\system32;C:\windows;C:\Program Files (x86)\Common Files\Oracle\Java\javapath;C:\windows\system32;C:\windows;C:\windows\System32\Wbem;C:\windows\System32\WindowsPowerShell\v1.0\;C:\windows\System32\OpenSSH\;C:\Program Files\TortoiseSVN\bin;C:\Program Files\Java\jdk1.8.0_181\bin;C:\Program Files\apache-maven-3.5.4\bin;C:\Users\nancy.melgoza\Documents\firefx;C:\Users\nancy.melgoza\AppData\Local\Microsoft\WindowsApps;;."/>
    <property name="java.vm.info" value="mixed mode"/>
    <property name="java.vendor" value="Oracle Corporation"/>
    <property name="java.vm.version" value="25.181-b13"/>
    <property name="java.ext.dirs" value="C:\Program Files\Java\jdk1.8.0_181\jre\lib\ext;C:\windows\Sun\Java\lib\ext"/>
    <property name="sun.io.unicode.encoding" value="UnicodeLittle"/>
    <property name="java.class.version" value="52.0"/>
  </properties>
  <testcase name="getAlbums" classname="Trainning.RestAsssured.SimpleRestAssured" time="1.479"/>
  <testcase name="getComments" classname="Trainning.RestAsssured.SimpleRestAssured" time="0.223"/>
  <testcase name="getPhotos" classname="Trainning.RestAsssured.SimpleRestAssured" time="0.287"/>
  <testcase name="getPosts" classname="Trainning.RestAsssured.SimpleRestAssured" time="0.216"/>
  <testcase name="getTodos" classname="Trainning.RestAsssured.SimpleRestAssured" time="0.221"/>
  <testcase name="getUsers" classname="Trainning.RestAsssured.SimpleRestAssured" time="0.227"/>
  <testcase name="albumsSchemaValidation" classname="Trainning.RestAsssured.SchemaValidation" time="0.691"/>
  <testcase name="commentsSchemaValidation" classname="Trainning.RestAsssured.SchemaValidation" time="0.291"/>
  <testcase name="getCommentsPostId1" classname="Trainning.RestAsssured.SchemaValidation" time="0.322"/>
  <testcase name="getPostsUserId1" classname="Trainning.RestAsssured.SchemaValidation" time="0.329"/>
  <testcase name="postsId100" classname="Trainning.RestAsssured.SchemaValidation" time="0.348"/>
  <testcase name="postsId20" classname="Trainning.RestAsssured.SchemaValidation" time="0.228"/>
  <testcase name="postsId50" classname="Trainning.RestAsssured.SchemaValidation" time="0.286"/>
  <testcase name="postsSchemaValidation" classname="Trainning.RestAsssured.SchemaValidation" time="0.274"/>
  <testcase name="todosSchemaValidation" classname="Trainning.RestAsssured.SchemaValidation" time="0.239"/>
  <testcase name="usersSchemaValidation" classname="Trainning.RestAsssured.SchemaValidation" time="0.243"/>
  <testcase name="givenUrlBody" classname="Trainning.RestAsssured.HeaderAuthorization" time="0.469"/>
</testsuite>