<?xml version="1.0" encoding="UTF-8"?>
<!-- Generated by org.testng.reporters.JUnitReportReporter -->
<testsuite name="Trainning.RestAsssured.SchemaValidation" tests="10" time="5.295" ignored="0" failures="0" timestamp="17 oct 2018 22:32:49 GMT" skipped="0" hostname="MX-IT01393" errors="0">
  <testcase name="postsId20" time="0.245" classname="Trainning.RestAsssured.SchemaValidation"/>
  <testcase name="getPostsUserId1" time="0.217" classname="Trainning.RestAsssured.SchemaValidation"/>
  <testcase name="postsId50" time="0.273" classname="Trainning.RestAsssured.SchemaValidation"/>
  <testcase name="getCommentsPostId1" time="0.203" classname="Trainning.RestAsssured.SchemaValidation"/>
  <testcase name="todosSchemaValidation" time="0.285" classname="Trainning.RestAsssured.SchemaValidation"/>
  <testcase name="usersSchemaValidation" time="0.254" classname="Trainning.RestAsssured.SchemaValidation"/>
  <testcase name="postsSchemaValidation" time="0.258" classname="Trainning.RestAsssured.SchemaValidation"/>
  <testcase name="albumsSchemaValidation" time="2.677" classname="Trainning.RestAsssured.SchemaValidation"/>
  <testcase name="commentsSchemaValidation" time="0.287" classname="Trainning.RestAsssured.SchemaValidation"/>
  <testcase name="postsId100" time="0.596" classname="Trainning.RestAsssured.SchemaValidation"/>
</testsuite> <!-- Trainning.RestAsssured.SchemaValidation -->
