<?xml version="1.0" encoding="UTF-8"?>
<!-- Generated by org.testng.reporters.JUnitReportReporter -->
<testsuite name="Trainning.RestAsssured.SimpleRestAssured" tests="6" time="3.116" ignored="0" failures="0" timestamp="17 oct 2018 02:57:12 GMT" skipped="0" hostname="MX-IT01393" errors="0">
  <testcase name="getUsers" time="0.315" classname="Trainning.RestAsssured.SimpleRestAssured"/>
  <testcase name="getComments" time="0.362" classname="Trainning.RestAsssured.SimpleRestAssured"/>
  <testcase name="getTodos" time="0.279" classname="Trainning.RestAsssured.SimpleRestAssured"/>
  <testcase name="getPosts" time="0.282" classname="Trainning.RestAsssured.SimpleRestAssured"/>
  <testcase name="getPhotos" time="0.421" classname="Trainning.RestAsssured.SimpleRestAssured"/>
  <testcase name="getAlbums" time="1.457" classname="Trainning.RestAsssured.SimpleRestAssured"/>
</testsuite> <!-- Trainning.RestAsssured.SimpleRestAssured -->
