<?xml version="1.0" encoding="UTF-8"?>
<!-- Generated by org.testng.reporters.JUnitReportReporter -->
<testsuite name="Trainning.RestAsssured.HeaderAuthorization" tests="1" time="1.349" ignored="0" failures="0" timestamp="17 oct 2018 21:05:53 GMT" skipped="0" hostname="MX-IT01393" errors="0">
  <testcase name="givenUrlBody" time="1.349" classname="Trainning.RestAsssured.HeaderAuthorization"/>
</testsuite> <!-- Trainning.RestAsssured.HeaderAuthorization -->
