<?xml version="1.0" encoding="UTF-8"?>
<!-- Generated by org.testng.reporters.JUnitReportReporter -->
<testsuite name="Trainning.RestAsssured.HeaderAuthorization" tests="1" time="0.465" ignored="0" failures="0" timestamp="17 oct 2018 22:33:15 GMT" skipped="0" hostname="MX-IT01393" errors="0">
  <testcase name="givenUrlBody" time="0.465" classname="Trainning.RestAsssured.HeaderAuthorization"/>
</testsuite> <!-- Trainning.RestAsssured.HeaderAuthorization -->
