<?xml version="1.0" encoding="UTF-8"?>
<!-- Generated by org.testng.reporters.JUnitReportReporter -->
<testsuite name="Trainning.RestAsssured.SchemaValidation" tests="10" time="3.249" ignored="0" failures="0" timestamp="17 oct 2018 22:33:15 GMT" skipped="0" hostname="MX-IT01393" errors="0">
  <testcase name="usersSchemaValidation" time="0.242" classname="Trainning.RestAsssured.SchemaValidation"/>
  <testcase name="getCommentsPostId1" time="0.208" classname="Trainning.RestAsssured.SchemaValidation"/>
  <testcase name="postsId100" time="0.576" classname="Trainning.RestAsssured.SchemaValidation"/>
  <testcase name="postsId50" time="0.286" classname="Trainning.RestAsssured.SchemaValidation"/>
  <testcase name="commentsSchemaValidation" time="0.290" classname="Trainning.RestAsssured.SchemaValidation"/>
  <testcase name="postsSchemaValidation" time="0.275" classname="Trainning.RestAsssured.SchemaValidation"/>
  <testcase name="albumsSchemaValidation" time="0.692" classname="Trainning.RestAsssured.SchemaValidation"/>
  <testcase name="getPostsUserId1" time="0.213" classname="Trainning.RestAsssured.SchemaValidation"/>
  <testcase name="postsId20" time="0.228" classname="Trainning.RestAsssured.SchemaValidation"/>
  <testcase name="todosSchemaValidation" time="0.239" classname="Trainning.RestAsssured.SchemaValidation"/>
</testsuite> <!-- Trainning.RestAsssured.SchemaValidation -->
