<?xml version="1.0" encoding="UTF-8"?>
<!-- Generated by org.testng.reporters.JUnitReportReporter -->
<testsuite name="Trainning.RestAsssured.SimpleRestAssured" tests="6" time="2.649" ignored="0" failures="0" timestamp="17 oct 2018 22:33:15 GMT" skipped="0" hostname="MX-IT01393" errors="0">
  <testcase name="getComments" time="0.225" classname="Trainning.RestAsssured.SimpleRestAssured"/>
  <testcase name="getPosts" time="0.215" classname="Trainning.RestAsssured.SimpleRestAssured"/>
  <testcase name="getTodos" time="0.217" classname="Trainning.RestAsssured.SimpleRestAssured"/>
  <testcase name="getUsers" time="0.228" classname="Trainning.RestAsssured.SimpleRestAssured"/>
  <testcase name="getAlbums" time="1.479" classname="Trainning.RestAsssured.SimpleRestAssured"/>
  <testcase name="getPhotos" time="0.285" classname="Trainning.RestAsssured.SimpleRestAssured"/>
</testsuite> <!-- Trainning.RestAsssured.SimpleRestAssured -->
